Start Cron Log -- January 11, 2022, 4:40 pm
--------------------------------------------------
API Connect Function Return: 1590
Fail Message: No Failure.
--------------------------------------------------
There are less than 5 logs stored. No deletion attempted.
--------------------------------------------------
970. Nomad Event Systems -- WP Post 10 created.
971. Northside 10 -- WP Post 11 created.
972. Oak Steakhouse -- WP Post 12 created.
973. Office of Historic Alexandria -- WP Post 13 created.
980. Office of the Arts, City of Alexandria -- WP Post 14 created.
981. Old Hat Bar -- WP Post 15 created.
982. Old House Cosmopolitan Grill -- WP Post 16 created.
983. Old Town at Night with Pedego -- WP Post 17 created.
984. Old Town Books -- WP Post 18 created.
990. Old Town Business Association -- WP Post 19 created.
991. Old Town Crier Regional Magazine -- WP Post 20 created.
992. Old Town Farmers Market -- WP Post 21 created.
993. Old Town North Farmers Market -- WP Post 22 created.
994. Old Town Sock Co. -- WP Post 23 created.
995. Old Town Trolley Tours -- WP Post 24 created.
1000. Old Virginia Tobacco Co. -- WP Post 25 created.
1001. Pacers Running Store Alexandria -- WP Post 26 created.
1010. Pasara Thai Restaurant -- WP Post 27 created.
1011. Patagonia -- WP Post 28 created.
1012. Patina Polished Living -- WP Post 29 created.
1013. Patricia Palermino Studio -- WP Post 30 created.
1014. Pedals and Pints -- WP Post 31 created.
1015. Pedego Electric Bikes -- WP Post 32 created.
1020. Penny Post -- WP Post 33 created.
1021. Picnic & Peonies -- WP Post 34 created.
1022. Piece Out -- WP Post 35 created.
1030. PIES Fitness Yoga Studio -- WP Post 36 created.
1031. Pizza Making Class at Lena's -- WP Post 37 created.
1032. Planet Wine -- WP Post 38 created.
1033. Pop's Old Fashioned Ice Cream Co. -- WP Post 39 created.
1040. Pork Barrel BBQ -- WP Post 40 created.
1041. Port City Brewing Co.'s Virtual Brewery Tour -- WP Post 41 created.
1042. Port City Brewing Company -- WP Post 42 created.
1050. Potomac Paddle Club -- WP Post 43 created.
1051. Principle Gallery -- WP Post 44 created.
1060. Progressive Dinner & Tour -- WP Post 45 created.
1061. PSAV -- WP Post 46 created.
1062. Pubs And Patriots Dine Around -- WP Post 47 created.
1063. Ramparts Tavern & Grill -- WP Post 48 created.
1070. Red Barn Mercantile -- WP Post 49 created.
1071. RedRocks Neapolitan Bistro -- WP Post 50 created.
1080. Residence Inn Alexandria Old Town South at Carlyle -- WP Post 51 created.
1081. Residence Inn by Marriott Alexandria Old Town/Duke Street -- WP Post 52 created.
1090. Robinson Landing -- WP Post 53 created.
1091. Rock It Grill -- WP Post 54 created.
1092. RocketFizz Alexandria -- WP Post 55 created.
1093. Rocklands Barbeque and Grilling Company -- WP Post 56 created.
1100. Ross Dress For Less -- WP Post 57 created.
1101. Royal Restaurant -- WP Post 58 created.
1110. RT's Restaurant -- WP Post 59 created.
1111. Rus Uz - Alexandria -- WP Post 60 created.
1112. Rustico Restaurant -- WP Post 61 created.
1120. Sacred Circle -- WP Post 62 created.
1121. Salon deZEN -- WP Post 63 created.
1122. Salon Monte -- WP Post 64 created.
1130. Sardi's Pollo A La Brasa -- WP Post 65 created.
1131. Saving Mount Vernon -- WP Post 66 created.
1132. Scramble -- WP Post 67 created.
1133. Serafino Fine Italian Leather & Accessories -- WP Post 68 created.
1134. ShadowLand Family Entertainment Center -- WP Post 69 created.
1150. She's Unique Jewelry & Gifts -- WP Post 70 created.
1151. Sheraton Suites Old Town Alexandria -- WP Post 71 created.
1160. Shiloh Baptist Church -- WP Post 72 created.
1161. Shooter McGee's -- WP Post 73 created.
1162. Shop Made in VA -- WP Post 74 created.
1163. Silver Diner -- WP Post 75 created.
1164. Silver Parrot -- WP Post 76 created.
1170. Silverman Galleries Antiques & Antique Jewelry -- WP Post 77 created.
1171. Sisters Thai and the Magnolia Dessert Bar -- WP Post 78 created.
1172. Smoking Kow BBQ -- WP Post 79 created.
1180. Snap Fitness -- WP Post 80 created.
1181. Solo Parking Garage -- WP Post 81 created.
1182. Sonoma Cellar -- WP Post 82 created.
1190. Sonoma Cellar wine Tastings & Dinners -- WP Post 83 created.
1191. Southside 815 -- WP Post 84 created.
1192. Special Operations & Intelligence Team-Building Simulation -- WP Post 85 created.
1200. Spice Kraft Indian Bistro -- WP Post 86 created.
1201. SpringHill Suites Alexandria Old Town/Southwest -- WP Post 87 created.
1202. St. Elmo's Coffee Pub - Del Ray -- WP Post 88 created.
1203. St. Elmo's Coffee Pub - Old Town North -- WP Post 89 created.
1210. Stabler-Leadbeater Apothecary Museum -- WP Post 90 created.
1220. Stitch Sew Shop -- WP Post 91 created.
1221. String Quartet of Northern Virginia -- WP Post 92 created.
1222. Stylists at North -- WP Post 93 created.
1223. Sugar House Day Spa and Salon -- WP Post 94 created.
1230. Sunday in Saigon -- WP Post 95 created.
1231. Sunrise National Mall Monumental Walk & Jog -- WP Post 96 created.
1232. Sur la Table -- WP Post 97 created.
1233. sushi bar -- WP Post 98 created.
1234. Sweet Fire Donna's -- WP Post 99 created.
1240. Swing's Coffee -- WP Post 100 created.
1241. Synergy Float Center -- WP Post 101 created.
1242. T.J. Stone's -- WP Post 102 created.
1243. Table Talk -- WP Post 103 created.
1250. Tag You're It! -- WP Post 104 created.
1251. Talbots -- WP Post 105 created.
1252. Tall Ship Providence -- WP Post 106 created.
1253. Tall Ship Providence Gift Shop -- WP Post 107 created.
1254. Taqueria Picoso -- WP Post 108 created.
1255. Target -- WP Post 109 created.
1260. Tavern Square Parking Garage -- WP Post 110 created.
1261. Taverna Cretekou -- WP Post 111 created.
1262. Ted's Montana Grill -- WP Post 112 created.
1263. Tempo Restaurant -- WP Post 113 created.
1270. Ten Thousand Villages -- WP Post 114 created.
1280. Tequila & Taco -- WP Post 115 created.
1281. Thai Signature -- WP Post 116 created.
1290. Alexandrian Hotel Garage -- WP Post 117 created.
1291. Alexandrian Old Town Alexandria, Autograph Collection -- WP Post 118 created.
1292. Allen S. Lichter, MD Conference Center -- WP Post 119 created.
1293. Antique Guild -- WP Post 120 created.
1300. Athenaeum -- WP Post 121 created.
1310. Avenue Flats -- WP Post 122 created.
1311. The BEST Gift Shop -- WP Post 123 created.
1312. Campagna Center -- WP Post 124 created.
1313. Capital Wheel -- WP Post 125 created.
1314. Creamery -- WP Post 126 created.
1320. Dog Park, The -- WP Post 127 created.
1321. Executive Diner & Cafe -- WP Post 128 created.
1322. Garden Alexandria -- WP Post 129 created.
1323. Garden by Building Momentum -- WP Post 130 created.
1324. Garden -- WP Post 131 created.
1330. George of Old Town -- WP Post 132 created.
1331. George Washington Masonic National Memorial -- WP Post 133 created.
1340. Grace on King Street -- WP Post 134 created.
1341. Handover -- WP Post 135 created.
1342. Hour Shop -- WP Post 136 created.
1350. Italian Place, The -- WP Post 137 created.
1351. Light Horse, The -- WP Post 138 created.
1352. Lucky Knot -- WP Post 139 created.
1360. Majestic, The -- WP Post 140 created.
1361. Old Town Shop -- WP Post 141 created.
1370. Peoples Drug -- WP Post 142 created.
1371. Pita House -- WP Post 143 created.
1372. Rectory on Princess -- WP Post 144 created.
1373. Rub Chicken & Beer -- WP Post 145 created.
1380. Shoe Hive -- WP Post 146 created.
1381. Situation Room: Washington's Cabinet -- WP Post 147 created.
1382. Spice & Tea Exchange of Alexandria -- WP Post 148 created.
1390. The Strand Parking Lot -- WP Post 149 created.
1391. Study, The -- WP Post 150 created.
1392. The Thornton Apartments -- WP Post 151 created.
1393. The Twig -- WP Post 152 created.
1394. Warehouse, The -- WP Post 153 created.
1395. Westin Alexandria Old Town -- WP Post 154 created.
1400. Wharf, The -- WP Post 155 created.
1401. Theismann's Restaurant & Bar -- WP Post 156 created.
1410. Thompson's Alley Parking Garage -- WP Post 157 created.
1411. Threadleaf -- WP Post 158 created.
1420. Toast The Ghosts -- WP Post 159 created.
1421. Toastique -- WP Post 160 created.
1422. Today's Cargo -- WP Post 161 created.
1430. Torpedo Factory Art Center -- WP Post 162 created.
1450. Trademark Drink and Eat -- WP Post 163 created.
1451. Tranquil Healthcare -- WP Post 164 created.
1460. tu-anh -- WP Post 165 created.
1461. Turkish Coffee Lady -- WP Post 166 created.
1462. Twist Boutique -- WP Post 167 created.
1470. Union Square -- WP Post 168 created.
1471. Union Station Parking Lot -- WP Post 169 created.
1472. Union Street Public House -- WP Post 170 created.
1480. Unlimited Biking: Alexandria -- WP Post 171 created.
1481. Urbano 116 -- WP Post 172 created.
1490. USA Guided Tours DC -- WP Post 173 created.
1491. USP Parking Garage -- WP Post 174 created.
1492. Van Dorn Diner -- WP Post 175 created.
1493. Vaso's Mediterranean Bistro -- WP Post 176 created.
1494. VéloCity Bicycle Cooperative -- WP Post 177 created.
1495. Vermilion -- WP Post 178 created.
1500. Village Brauhaus -- WP Post 179 created.
1501. Vintage Mirage -- WP Post 180 created.
1510. Virtual Cooking & Cocktail Classes with ARP -- WP Post 181 created.
1511. Virtue Feed & Grain -- WP Post 182 created.
1520. Visit Alexandria -- WP Post 183 created.
1521. Visit Alexandria Complimentary Services -- WP Post 184 created.
1530. Vola's Dockside Grill and Hi-Tide Lounge -- WP Post 185 created.
1531. Volunteer Alexandria -- WP Post 186 created.
1532. Warby Parker -- WP Post 187 created.
1533. Washington Metropolitan Philharmonic Association -- WP Post 188 created.
1534. Washington Presidential Library at Mount Vernon -- WP Post 189 created.
1540. Washington Sailing Marina -- WP Post 190 created.
1541. Water Taxi to National Harbor -- WP Post 191 created.
1542. Water Taxi to The Wharf -- WP Post 192 created.
1543. Wear Ever Jewelry -- WP Post 193 created.
1550. West End Business Association -- WP Post 194 created.
1551. West End Farmers Market -- WP Post 195 created.
1552. Wheel Nuts Bike Shop -- WP Post 196 created.
1560. Whiskey & Oyster -- WP Post 197 created.
1561. White House|Black Market -- WP Post 198 created.
1562. Windows Catering Company -- WP Post 199 created.
1563. Wine Gallery 108 -- WP Post 200 created.
1570. Wine Tour to Blue Valley -- WP Post 201 created.
1571. Woodlawn & Pope-Leighey House -- WP Post 202 created.
1580. Xtend Barre -- WP Post 203 created.
1581. Yagút St. -- WP Post 204 created.
1582. Your CBD Store -- WP Post 205 created.
1583. Your Life Energy Holistic Center -- WP Post 206 created.
1584. Yunnan by Potomac - a Noodle House -- WP Post 207 created.
Start Cron Log -- January 11, 2022, 4:56 pm
--------------------------------------------------
API Connect Function Return: 1590
Fail Message: No Failure.
--------------------------------------------------
There are less than 5 logs stored. No deletion attempted.
--------------------------------------------------
Start Cron Log -- January 11, 2022, 5:03 pm
--------------------------------------------------
API Connect Function Return: 1590
Fail Message: No Failure.
--------------------------------------------------
There are less than 5 logs stored. No deletion attempted.
--------------------------------------------------
Start Cron Log -- January 11, 2022, 5:14 pm
--------------------------------------------------
API Connect Function Return: 1590
Fail Message: No Failure.
--------------------------------------------------
There are less than 5 logs stored. No deletion attempted.
--------------------------------------------------
70. Alexandria Department of Recreation, Parks and Cultural Activities -- WP Post 208 created.
71. Alexandria Economic Development Partnership -- WP Post 209 created.
72. Alexandria Film Festival -- WP Post 210 created.
73. Alexandria Harmonizers -- WP Post 211 created.
74. Alexandria History Museum at The Lyceum -- WP Post 212 created.
80. Alexandria Hotel Association -- WP Post 213 created.
81. Alexandria Library -- WP Post 214 created.
90. Alexandria Living Magazine -- WP Post 215 created.
91. Alexandria National Cemetery -- WP Post 216 created.
92. Alexandria Seaport Foundation -- WP Post 217 created.
93. Alexandria Singers -- WP Post 218 created.
100. Alexandria Small Business Development Center -- WP Post 219 created.
101. Alexandria Symphony Orchestra -- WP Post 220 created.
102. Alexandria the Great Tours -- WP Post 221 created.
103. Alexandria Transit Company -- WP Post 222 created.
